<?xml version="1.0" encoding="UTF-8"?>
<testsuite xmlns:xsi="http://www.w3.org/2001/XMLSchema-instance" xsi:noNamespaceSchemaLocation="https://maven.apache.org/surefire/maven-surefire-plugin/xsd/surefire-test-report.xsd" version="3.0.2" name="org.current.nextguidely.feature.RegistrationTest" time="6.095" tests="1" errors="0" skipped="0" failures="0">
  <properties>
[...]
</properties>
  <testcase name="testRegister_Successful" classname="org.current.nextguidely.feature.RegistrationTest" time="0.696">
    <system-out><![CDATA[17:58:33.307 [main] INFO org.springframework.test.context.support.AnnotationConfigContextLoaderUtils -- Could not detect default configuration classes for test class [org.current.nextguidely.feature.RegistrationTest]: RegistrationTest does not declare any static, non-private, non-final, nested classes annotated with @Configuration.
17:58:33.424 [main] INFO org.springframework.boot.test.context.SpringBootTestContextBootstrapper -- Found @SpringBootConfiguration org.current.nextguidely.NextguidelyApplication for test class org.current.nextguidely.feature.RegistrationTest
17:58:33.574 [main] INFO org.springframework.boot.devtools.restart.RestartApplicationListener -- Restart disabled due to context in which it is running

  .   ____          _            __ _ _
 /\\ / ___'_ __ _ _(_)_ __  __ _ \ \ \ \
( ( )\___ | '_ | '_| | '_ \/ _` | \ \ \ \
 \\/  ___)| |_)| | | | | || (_| |  ) ) ) )
  '  |____| .__|_| |_|_| |_\__, | / / / /
 =========|_|==============|___/=/_/_/_/

 :: Spring Boot ::                (v3.5.0)

Hibernate: select u1_0.id,u1_0.about,u1_0.created_at,u1_0.city_id,u1_0.description,u1_0.dob,u1_0.email,u1_0.gender,u1_0.moto,u1_0.name,u1_0.origin_city_id,u1_0.password,u1_0.role,u1_0.thumbnail,u1_0.updated_at from users u1_0 limit ?,?
Hibernate: select l1_0.users_id,l1_1.id,l1_1.created_at,l1_1.name,l1_1.updated_at from users_languages l1_0 join languages l1_1 on l1_1.id=l1_0.languages_id where l1_0.users_id=?
Hibernate: select u1_0.languages_id,u1_1.id,u1_1.about,u1_1.created_at,u1_1.city_id,u1_1.description,u1_1.dob,u1_1.email,u1_1.gender,u1_1.moto,u1_1.name,u1_1.origin_city_id,u1_1.password,u1_1.role,u1_1.thumbnail,u1_1.updated_at from languages_user u1_0 join users u1_1 on u1_1.id=u1_0.user_id where u1_0.languages_id=?
Hibernate: select u1_0.languages_id,u1_1.id,u1_1.about,u1_1.created_at,u1_1.city_id,u1_1.description,u1_1.dob,u1_1.email,u1_1.gender,u1_1.moto,u1_1.name,u1_1.origin_city_id,u1_1.password,u1_1.role,u1_1.thumbnail,u1_1.updated_at from languages_user u1_0 join users u1_1 on u1_1.id=u1_0.user_id where u1_0.languages_id=?

MockHttpServletRequest:
      HTTP Method = GET
      Request URI = /api/users
       Parameters = {}
          Headers = [Accept:"application/json"]
             Body = null
    Session Attrs = {}

Handler:
             Type = org.current.nextguidely.controller.UserController
           Method = org.current.nextguidely.controller.UserController#getAllUsers(Integer, Integer)

Async:
    Async started = false
     Async result = null

Resolved Exception:
             Type = null

ModelAndView:
        View name = null
             View = null
            Model = null

FlashMap:
       Attributes = null

MockHttpServletResponse:
           Status = 200
    Error message = null
          Headers = [Content-Type:"application/json"]
     Content type = application/json
             Body = {"message":"success","data":{"users":[{"id":1,"name":"John Doe2","thumbnail":"http://localhost:3000/","dob":"1995-08-21T00:00:00.000+00:00","email":"john@example.com","gender":"FEMALE","languages":[{"id":1,"name":"Afrikaans","createdAt":null,"updatedAt":null,"user":[]},{"id":3,"name":"Amharic","createdAt":null,"updatedAt":null,"user":[]}],"role":"USER"}],"total":1,"page":0,"page_size":10}}
    Forwarded URL = null
   Redirected URL = null
          Cookies = []
Hibernate: select u1_0.id,u1_0.about,u1_0.created_at,u1_0.city_id,u1_0.description,u1_0.dob,u1_0.email,u1_0.gender,u1_0.moto,u1_0.name,u1_0.origin_city_id,u1_0.password,u1_0.role,u1_0.thumbnail,u1_0.updated_at from users u1_0 where u1_0.id=?
Hibernate: select l1_0.users_id,l1_1.id,l1_1.created_at,l1_1.name,l1_1.updated_at from users_languages l1_0 join languages l1_1 on l1_1.id=l1_0.languages_id where l1_0.users_id=?
Hibernate: select u1_0.languages_id,u1_1.id,u1_1.about,u1_1.created_at,u1_1.city_id,u1_1.description,u1_1.dob,u1_1.email,u1_1.gender,u1_1.moto,u1_1.name,u1_1.origin_city_id,u1_1.password,u1_1.role,u1_1.thumbnail,u1_1.updated_at from languages_user u1_0 join users u1_1 on u1_1.id=u1_0.user_id where u1_0.languages_id=?
Hibernate: select u1_0.languages_id,u1_1.id,u1_1.about,u1_1.created_at,u1_1.city_id,u1_1.description,u1_1.dob,u1_1.email,u1_1.gender,u1_1.moto,u1_1.name,u1_1.origin_city_id,u1_1.password,u1_1.role,u1_1.thumbnail,u1_1.updated_at from languages_user u1_0 join users u1_1 on u1_1.id=u1_0.user_id where u1_0.languages_id=?
------------------------------
------------------------------
id : 1
name : John Doe2
thumbnail : http://localhost:3000/
dob : 1995-08-21T00:00:00.000+00:00
email : john@example.com
gender : FEMALE
languages : [{id=1, name=Afrikaans, createdAt=null, updatedAt=null, user=[]}, {id=3, name=Amharic, createdAt=null, updatedAt=null, user=[]}]
role : USER
------------------------------
------------------------------
]]></system-out>
  </testcase>
</testsuite>